slurmstepd: error: *** JOB 31397174 ON supergpu03 CANCELLED AT 2025-01-21T12:19:38 ***
/ictstr01/home/icb/alessandro.palma/environment/ot_pert/cell_flow_perturbation/src/cfp/data/_datamanager.py:551: ImplicitModificationWarning: Trying to modify attribute `.obs` of view, initializing view as actual.
  adata.obs[self._control_key] = adata.obs[self._control_key].astype(
/ictstr01/home/icb/alessandro.palma/environment/ot_pert/cell_flow_perturbation/src/cfp/data/_datamanager.py:358: SettingWithCopyWarning: 
A value is trying to be set on a copy of a slice from a DataFrame.
Try using .loc[row_indexer,col_indexer] = value instead

See the caveats in the documentation: https://pandas.pydata.org/pandas-docs/stable/user_guide/indexing.html#returning-a-view-versus-a-copy
  _covariate_data["cell_index"] = _covariate_data.index
  0%|          | 0/20 [00:00<?, ?it/s] 60%|██████    | 12/20 [00:00<00:00, 118.53it/s]100%|██████████| 20/20 [00:00<00:00, 174.67it/s]
2025-01-21 12:20:12.715019: W external/xla/xla/service/gpu/ir_emitter_unnested.cc:1171] Unable to parse backend config for custom call: Could not convert JSON string to proto: : Root element must be a message.
Fall back to parse the raw backend config str.
2025-01-21 12:20:12.715389: W external/xla/xla/service/gpu/ir_emitter_unnested.cc:1171] Unable to parse backend config for custom call: Could not convert JSON string to proto: : Root element must be a message.
Fall back to parse the raw backend config str.
2025-01-21 12:20:26.637588: W external/xla/xla/service/gpu/ir_emitter_unnested.cc:1171] Unable to parse backend config for custom call: Could not convert JSON string to proto: : Root element must be a message.
Fall back to parse the raw backend config str.
2025-01-21 12:20:26.637895: W external/xla/xla/service/gpu/ir_emitter_unnested.cc:1171] Unable to parse backend config for custom call: Could not convert JSON string to proto: : Root element must be a message.
Fall back to parse the raw backend config str.
2025-01-21 12:20:39.973049: W external/xla/xla/service/gpu/ir_emitter_unnested.cc:1171] Unable to parse backend config for custom call: Could not convert JSON string to proto: : Root element must be a message.
Fall back to parse the raw backend config str.
2025-01-21 12:20:39.973573: W external/xla/xla/service/gpu/ir_emitter_unnested.cc:1171] Unable to parse backend config for custom call: Could not convert JSON string to proto: : Root element must be a message.
Fall back to parse the raw backend config str.
2025-01-21 12:20:53.481154: W external/xla/xla/service/gpu/ir_emitter_unnested.cc:1171] Unable to parse backend config for custom call: Could not convert JSON string to proto: : Root element must be a message.
Fall back to parse the raw backend config str.
2025-01-21 12:20:53.481454: W external/xla/xla/service/gpu/ir_emitter_unnested.cc:1171] Unable to parse backend config for custom call: Could not convert JSON string to proto: : Root element must be a message.
Fall back to parse the raw backend config str.
2025-01-21 12:21:07.384823: W external/xla/xla/service/gpu/ir_emitter_unnested.cc:1171] Unable to parse backend config for custom call: Could not convert JSON string to proto: : Root element must be a message.
Fall back to parse the raw backend config str.
2025-01-21 12:21:07.384998: W external/xla/xla/service/gpu/ir_emitter_unnested.cc:1171] Unable to parse backend config for custom call: Could not convert JSON string to proto: : Root element must be a message.
Fall back to parse the raw backend config str.
2025-01-21 12:21:20.554091: W external/xla/xla/service/gpu/ir_emitter_unnested.cc:1171] Unable to parse backend config for custom call: Could not convert JSON string to proto: : Root element must be a message.
Fall back to parse the raw backend config str.
2025-01-21 12:21:20.554254: W external/xla/xla/service/gpu/ir_emitter_unnested.cc:1171] Unable to parse backend config for custom call: Could not convert JSON string to proto: : Root element must be a message.
Fall back to parse the raw backend config str.
2025-01-21 12:21:34.053150: W external/xla/xla/service/gpu/ir_emitter_unnested.cc:1171] Unable to parse backend config for custom call: Could not convert JSON string to proto: : Root element must be a message.
Fall back to parse the raw backend config str.
2025-01-21 12:21:34.053478: W external/xla/xla/service/gpu/ir_emitter_unnested.cc:1171] Unable to parse backend config for custom call: Could not convert JSON string to proto: : Root element must be a message.
Fall back to parse the raw backend config str.
2025-01-21 12:21:48.430428: W external/xla/xla/service/gpu/ir_emitter_unnested.cc:1171] Unable to parse backend config for custom call: Could not convert JSON string to proto: : Root element must be a message.
Fall back to parse the raw backend config str.
2025-01-21 12:21:48.430774: W external/xla/xla/service/gpu/ir_emitter_unnested.cc:1171] Unable to parse backend config for custom call: Could not convert JSON string to proto: : Root element must be a message.
Fall back to parse the raw backend config str.
2025-01-21 12:22:01.861928: W external/xla/xla/service/gpu/ir_emitter_unnested.cc:1171] Unable to parse backend config for custom call: Could not convert JSON string to proto: : Root element must be a message.
Fall back to parse the raw backend config str.
2025-01-21 12:22:01.862119: W external/xla/xla/service/gpu/ir_emitter_unnested.cc:1171] Unable to parse backend config for custom call: Could not convert JSON string to proto: : Root element must be a message.
Fall back to parse the raw backend config str.
2025-01-21 12:22:15.041916: W external/xla/xla/service/gpu/ir_emitter_unnested.cc:1171] Unable to parse backend config for custom call: Could not convert JSON string to proto: : Root element must be a message.
Fall back to parse the raw backend config str.
2025-01-21 12:22:15.042055: W external/xla/xla/service/gpu/ir_emitter_unnested.cc:1171] Unable to parse backend config for custom call: Could not convert JSON string to proto: : Root element must be a message.
Fall back to parse the raw backend config str.
2025-01-21 12:22:28.633343: W external/xla/xla/service/gpu/ir_emitter_unnested.cc:1171] Unable to parse backend config for custom call: Could not convert JSON string to proto: : Root element must be a message.
Fall back to parse the raw backend config str.
2025-01-21 12:22:28.633526: W external/xla/xla/service/gpu/ir_emitter_unnested.cc:1171] Unable to parse backend config for custom call: Could not convert JSON string to proto: : Root element must be a message.
Fall back to parse the raw backend config str.
2025-01-21 12:22:42.865714: W external/xla/xla/service/gpu/ir_emitter_unnested.cc:1171] Unable to parse backend config for custom call: Could not convert JSON string to proto: : Root element must be a message.
Fall back to parse the raw backend config str.
2025-01-21 12:22:42.865925: W external/xla/xla/service/gpu/ir_emitter_unnested.cc:1171] Unable to parse backend config for custom call: Could not convert JSON string to proto: : Root element must be a message.
Fall back to parse the raw backend config str.
2025-01-21 12:22:56.525066: W external/xla/xla/service/gpu/ir_emitter_unnested.cc:1171] Unable to parse backend config for custom call: Could not convert JSON string to proto: : Root element must be a message.
Fall back to parse the raw backend config str.
2025-01-21 12:22:56.525843: W external/xla/xla/service/gpu/ir_emitter_unnested.cc:1171] Unable to parse backend config for custom call: Could not convert JSON string to proto: : Root element must be a message.
Fall back to parse the raw backend config str.
2025-01-21 12:23:09.741297: W external/xla/xla/service/gpu/ir_emitter_unnested.cc:1171] Unable to parse backend config for custom call: Could not convert JSON string to proto: : Root element must be a message.
Fall back to parse the raw backend config str.
2025-01-21 12:23:09.743076: W external/xla/xla/service/gpu/ir_emitter_unnested.cc:1171] Unable to parse backend config for custom call: Could not convert JSON string to proto: : Root element must be a message.
Fall back to parse the raw backend config str.
2025-01-21 12:23:23.056194: W external/xla/xla/service/gpu/ir_emitter_unnested.cc:1171] Unable to parse backend config for custom call: Could not convert JSON string to proto: : Root element must be a message.
Fall back to parse the raw backend config str.
2025-01-21 12:23:23.058427: W external/xla/xla/service/gpu/ir_emitter_unnested.cc:1171] Unable to parse backend config for custom call: Could not convert JSON string to proto: : Root element must be a message.
Fall back to parse the raw backend config str.
2025-01-21 12:23:37.117835: W external/xla/xla/service/gpu/ir_emitter_unnested.cc:1171] Unable to parse backend config for custom call: Could not convert JSON string to proto: : Root element must be a message.
Fall back to parse the raw backend config str.
2025-01-21 12:23:37.118896: W external/xla/xla/service/gpu/ir_emitter_unnested.cc:1171] Unable to parse backend config for custom call: Could not convert JSON string to proto: : Root element must be a message.
Fall back to parse the raw backend config str.
2025-01-21 12:23:50.449209: W external/xla/xla/service/gpu/ir_emitter_unnested.cc:1171] Unable to parse backend config for custom call: Could not convert JSON string to proto: : Root element must be a message.
Fall back to parse the raw backend config str.
2025-01-21 12:23:50.449394: W external/xla/xla/service/gpu/ir_emitter_unnested.cc:1171] Unable to parse backend config for custom call: Could not convert JSON string to proto: : Root element must be a message.
Fall back to parse the raw backend config str.
2025-01-21 12:24:04.234012: W external/xla/xla/service/gpu/ir_emitter_unnested.cc:1171] Unable to parse backend config for custom call: Could not convert JSON string to proto: : Root element must be a message.
Fall back to parse the raw backend config str.
2025-01-21 12:24:04.234817: W external/xla/xla/service/gpu/ir_emitter_unnested.cc:1171] Unable to parse backend config for custom call: Could not convert JSON string to proto: : Root element must be a message.
Fall back to parse the raw backend config str.
2025-01-21 12:24:17.863041: W external/xla/xla/service/gpu/ir_emitter_unnested.cc:1171] Unable to parse backend config for custom call: Could not convert JSON string to proto: : Root element must be a message.
Fall back to parse the raw backend config str.
2025-01-21 12:24:17.863188: W external/xla/xla/service/gpu/ir_emitter_unnested.cc:1171] Unable to parse backend config for custom call: Could not convert JSON string to proto: : Root element must be a message.
Fall back to parse the raw backend config str.
2025-01-21 12:24:31.407370: W external/xla/xla/service/gpu/ir_emitter_unnested.cc:1171] Unable to parse backend config for custom call: Could not convert JSON string to proto: : Root element must be a message.
Fall back to parse the raw backend config str.
2025-01-21 12:24:31.407509: W external/xla/xla/service/gpu/ir_emitter_unnested.cc:1171] Unable to parse backend config for custom call: Could not convert JSON string to proto: : Root element must be a message.
Fall back to parse the raw backend config str.
/home/icb/alessandro.palma/miniconda3/envs/ot_pert/lib/python3.10/site-packages/anndata/_core/aligned_df.py:68: ImplicitModificationWarning: Transforming to str index.
  warnings.warn("Transforming to str index.", ImplicitModificationWarning)
