/home/icb/alessandro.palma/miniconda3/envs/ot_pert/lib/python3.10/site-packages/anndata/utils.py:429: FutureWarning: Importing read_csv from `anndata` is deprecated. Import anndata.io.read_csv instead.
  warnings.warn(msg, FutureWarning)
/home/icb/alessandro.palma/miniconda3/envs/ot_pert/lib/python3.10/site-packages/anndata/utils.py:429: FutureWarning: Importing read_loom from `anndata` is deprecated. Import anndata.io.read_loom instead.
  warnings.warn(msg, FutureWarning)
/home/icb/alessandro.palma/miniconda3/envs/ot_pert/lib/python3.10/site-packages/anndata/utils.py:429: FutureWarning: Importing read_text from `anndata` is deprecated. Import anndata.io.read_text instead.
  warnings.warn(msg, FutureWarning)
/home/icb/alessandro.palma/miniconda3/envs/ot_pert/lib/python3.10/site-packages/anndata/utils.py:429: FutureWarning: Importing CSCDataset from `anndata.experimental` is deprecated. Import anndata.abc.CSCDataset instead.
  warnings.warn(msg, FutureWarning)
/home/icb/alessandro.palma/miniconda3/envs/ot_pert/lib/python3.10/site-packages/anndata/utils.py:429: FutureWarning: Importing CSRDataset from `anndata.experimental` is deprecated. Import anndata.abc.CSRDataset instead.
  warnings.warn(msg, FutureWarning)
/home/icb/alessandro.palma/miniconda3/envs/ot_pert/lib/python3.10/site-packages/anndata/utils.py:429: FutureWarning: Importing read_elem from `anndata.experimental` is deprecated. Import anndata.io.read_elem instead.
  warnings.warn(msg, FutureWarning)
/ictstr01/home/icb/alessandro.palma/environment/ot_pert/cell_flow_perturbation/src/cfp/data/_datamanager.py:551: ImplicitModificationWarning: Trying to modify attribute `.obs` of view, initializing view as actual.
  adata.obs[self._control_key] = adata.obs[self._control_key].astype(
/ictstr01/home/icb/alessandro.palma/environment/ot_pert/cell_flow_perturbation/src/cfp/data/_datamanager.py:358: SettingWithCopyWarning: 
A value is trying to be set on a copy of a slice from a DataFrame.
Try using .loc[row_indexer,col_indexer] = value instead

See the caveats in the documentation: https://pandas.pydata.org/pandas-docs/stable/user_guide/indexing.html#returning-a-view-versus-a-copy
  _covariate_data["cell_index"] = _covariate_data.index
  0%|          | 0/13 [00:00<?, ?it/s] 23%|██▎       | 3/13 [00:00<00:00, 29.70it/s]100%|██████████| 13/13 [00:00<00:00, 104.06it/s]
2025-01-21 12:24:03.223340: W external/xla/xla/service/gpu/ir_emitter_unnested.cc:1171] Unable to parse backend config for custom call: Could not convert JSON string to proto: : Root element must be a message.
Fall back to parse the raw backend config str.
2025-01-21 12:24:03.223854: W external/xla/xla/service/gpu/ir_emitter_unnested.cc:1171] Unable to parse backend config for custom call: Could not convert JSON string to proto: : Root element must be a message.
Fall back to parse the raw backend config str.
2025-01-21 12:24:10.796287: W external/xla/xla/service/gpu/ir_emitter_unnested.cc:1171] Unable to parse backend config for custom call: Could not convert JSON string to proto: : Root element must be a message.
Fall back to parse the raw backend config str.
2025-01-21 12:24:10.796554: W external/xla/xla/service/gpu/ir_emitter_unnested.cc:1171] Unable to parse backend config for custom call: Could not convert JSON string to proto: : Root element must be a message.
Fall back to parse the raw backend config str.
2025-01-21 12:24:18.251851: W external/xla/xla/service/gpu/ir_emitter_unnested.cc:1171] Unable to parse backend config for custom call: Could not convert JSON string to proto: : Root element must be a message.
Fall back to parse the raw backend config str.
2025-01-21 12:24:18.252176: W external/xla/xla/service/gpu/ir_emitter_unnested.cc:1171] Unable to parse backend config for custom call: Could not convert JSON string to proto: : Root element must be a message.
Fall back to parse the raw backend config str.
2025-01-21 12:24:26.208276: W external/xla/xla/service/gpu/ir_emitter_unnested.cc:1171] Unable to parse backend config for custom call: Could not convert JSON string to proto: : Root element must be a message.
Fall back to parse the raw backend config str.
2025-01-21 12:24:26.208569: W external/xla/xla/service/gpu/ir_emitter_unnested.cc:1171] Unable to parse backend config for custom call: Could not convert JSON string to proto: : Root element must be a message.
Fall back to parse the raw backend config str.
2025-01-21 12:24:34.242910: W external/xla/xla/service/gpu/ir_emitter_unnested.cc:1171] Unable to parse backend config for custom call: Could not convert JSON string to proto: : Root element must be a message.
Fall back to parse the raw backend config str.
2025-01-21 12:24:34.243173: W external/xla/xla/service/gpu/ir_emitter_unnested.cc:1171] Unable to parse backend config for custom call: Could not convert JSON string to proto: : Root element must be a message.
Fall back to parse the raw backend config str.
2025-01-21 12:24:42.074318: W external/xla/xla/service/gpu/ir_emitter_unnested.cc:1171] Unable to parse backend config for custom call: Could not convert JSON string to proto: : Root element must be a message.
Fall back to parse the raw backend config str.
2025-01-21 12:24:42.074575: W external/xla/xla/service/gpu/ir_emitter_unnested.cc:1171] Unable to parse backend config for custom call: Could not convert JSON string to proto: : Root element must be a message.
Fall back to parse the raw backend config str.
2025-01-21 12:24:49.382406: W external/xla/xla/service/gpu/ir_emitter_unnested.cc:1171] Unable to parse backend config for custom call: Could not convert JSON string to proto: : Root element must be a message.
Fall back to parse the raw backend config str.
2025-01-21 12:24:49.382640: W external/xla/xla/service/gpu/ir_emitter_unnested.cc:1171] Unable to parse backend config for custom call: Could not convert JSON string to proto: : Root element must be a message.
Fall back to parse the raw backend config str.
2025-01-21 12:24:56.709726: W external/xla/xla/service/gpu/ir_emitter_unnested.cc:1171] Unable to parse backend config for custom call: Could not convert JSON string to proto: : Root element must be a message.
Fall back to parse the raw backend config str.
2025-01-21 12:24:56.709861: W external/xla/xla/service/gpu/ir_emitter_unnested.cc:1171] Unable to parse backend config for custom call: Could not convert JSON string to proto: : Root element must be a message.
Fall back to parse the raw backend config str.
2025-01-21 12:25:04.255598: W external/xla/xla/service/gpu/ir_emitter_unnested.cc:1171] Unable to parse backend config for custom call: Could not convert JSON string to proto: : Root element must be a message.
Fall back to parse the raw backend config str.
2025-01-21 12:25:04.255871: W external/xla/xla/service/gpu/ir_emitter_unnested.cc:1171] Unable to parse backend config for custom call: Could not convert JSON string to proto: : Root element must be a message.
Fall back to parse the raw backend config str.
2025-01-21 12:25:11.903244: W external/xla/xla/service/gpu/ir_emitter_unnested.cc:1171] Unable to parse backend config for custom call: Could not convert JSON string to proto: : Root element must be a message.
Fall back to parse the raw backend config str.
2025-01-21 12:25:11.903749: W external/xla/xla/service/gpu/ir_emitter_unnested.cc:1171] Unable to parse backend config for custom call: Could not convert JSON string to proto: : Root element must be a message.
Fall back to parse the raw backend config str.
2025-01-21 12:25:19.309387: W external/xla/xla/service/gpu/ir_emitter_unnested.cc:1171] Unable to parse backend config for custom call: Could not convert JSON string to proto: : Root element must be a message.
Fall back to parse the raw backend config str.
2025-01-21 12:25:19.309607: W external/xla/xla/service/gpu/ir_emitter_unnested.cc:1171] Unable to parse backend config for custom call: Could not convert JSON string to proto: : Root element must be a message.
Fall back to parse the raw backend config str.
2025-01-21 12:25:26.652442: W external/xla/xla/service/gpu/ir_emitter_unnested.cc:1171] Unable to parse backend config for custom call: Could not convert JSON string to proto: : Root element must be a message.
Fall back to parse the raw backend config str.
2025-01-21 12:25:26.652714: W external/xla/xla/service/gpu/ir_emitter_unnested.cc:1171] Unable to parse backend config for custom call: Could not convert JSON string to proto: : Root element must be a message.
Fall back to parse the raw backend config str.
2025-01-21 12:25:33.952658: W external/xla/xla/service/gpu/ir_emitter_unnested.cc:1171] Unable to parse backend config for custom call: Could not convert JSON string to proto: : Root element must be a message.
Fall back to parse the raw backend config str.
2025-01-21 12:25:33.952881: W external/xla/xla/service/gpu/ir_emitter_unnested.cc:1171] Unable to parse backend config for custom call: Could not convert JSON string to proto: : Root element must be a message.
Fall back to parse the raw backend config str.
/home/icb/alessandro.palma/miniconda3/envs/ot_pert/lib/python3.10/site-packages/anndata/_core/aligned_df.py:68: ImplicitModificationWarning: Transforming to str index.
  warnings.warn("Transforming to str index.", ImplicitModificationWarning)
