
CommandNotFoundError: Your shell has not been properly configured to use 'conda activate'.
To initialize your shell, run

    $ conda init <SHELL_NAME>

Currently supported shells are:
  - bash
  - fish
  - tcsh
  - xonsh
  - zsh
  - powershell

See 'conda init --help' for more information and options.

IMPORTANT: You may need to close and restart your shell after running 'conda init'.


/home/icb/alessandro.palma/miniconda3/envs/ot_pert/lib/python3.10/site-packages/anndata/utils.py:429: FutureWarning: Importing read_csv from `anndata` is deprecated. Import anndata.io.read_csv instead.
  warnings.warn(msg, FutureWarning)
/home/icb/alessandro.palma/miniconda3/envs/ot_pert/lib/python3.10/site-packages/anndata/utils.py:429: FutureWarning: Importing read_loom from `anndata` is deprecated. Import anndata.io.read_loom instead.
  warnings.warn(msg, FutureWarning)
/home/icb/alessandro.palma/miniconda3/envs/ot_pert/lib/python3.10/site-packages/anndata/utils.py:429: FutureWarning: Importing read_text from `anndata` is deprecated. Import anndata.io.read_text instead.
  warnings.warn(msg, FutureWarning)
/home/icb/alessandro.palma/miniconda3/envs/ot_pert/lib/python3.10/site-packages/anndata/utils.py:429: FutureWarning: Importing CSCDataset from `anndata.experimental` is deprecated. Import anndata.abc.CSCDataset instead.
  warnings.warn(msg, FutureWarning)
/home/icb/alessandro.palma/miniconda3/envs/ot_pert/lib/python3.10/site-packages/anndata/utils.py:429: FutureWarning: Importing CSRDataset from `anndata.experimental` is deprecated. Import anndata.abc.CSRDataset instead.
  warnings.warn(msg, FutureWarning)
/home/icb/alessandro.palma/miniconda3/envs/ot_pert/lib/python3.10/site-packages/anndata/utils.py:429: FutureWarning: Importing read_elem from `anndata.experimental` is deprecated. Import anndata.io.read_elem instead.
  warnings.warn(msg, FutureWarning)
/home/icb/alessandro.palma/environment/ot_pert/ot_pert_reproducibility/run_otfm_sweep/train_satija_gene_ood.py:15: UserWarning: 
The version_base parameter is not specified.
Please specify a compatability version level, or None.
Will assume defaults for version 1.1
  @hydra.main(config_path="conf", config_name="train_ifng")
/home/icb/alessandro.palma/miniconda3/envs/ot_pert/lib/python3.10/site-packages/hydra/_internal/hydra.py:119: UserWarning: Future Hydra versions will no longer change working directory at job runtime by default.
See https://hydra.cc/docs/1.2/upgrades/1.1_to_1.2/changes_to_job_working_dir/ for more information.
  ret = run_job(
Error executing job with overrides: ['dataset=satija_cell_type_ood_split_BXPC3_IFNG', 'logger=satija_cell_type_ood_BXCP3_IFNG', 'training=satija_ifng', 'launcher=slurm_icb', 'model=satija_ifng']
Traceback (most recent call last):
  File "/home/icb/alessandro.palma/environment/ot_pert/ot_pert_reproducibility/run_otfm_sweep/train_satija_gene_ood.py", line 27, in run
    adata_train = sc.read_h5ad(dataset_path["train"])
  File "/home/icb/alessandro.palma/miniconda3/envs/ot_pert/lib/python3.10/site-packages/anndata/_io/h5ad.py", line 236, in read_h5ad
    with h5py.File(filename, "r") as f:
  File "/home/icb/alessandro.palma/miniconda3/envs/ot_pert/lib/python3.10/site-packages/h5py/_hl/files.py", line 561, in __init__
    fid = make_fid(name, mode, userblock_size, fapl, fcpl, swmr=swmr)
  File "/home/icb/alessandro.palma/miniconda3/envs/ot_pert/lib/python3.10/site-packages/h5py/_hl/files.py", line 235, in make_fid
    fid = h5f.open(name, flags, fapl=fapl)
  File "h5py/_objects.pyx", line 54, in h5py._objects.with_phil.wrapper
  File "h5py/_objects.pyx", line 55, in h5py._objects.with_phil.wrapper
  File "h5py/h5f.pyx", line 102, in h5py.h5f.open
FileNotFoundError: [Errno 2] Unable to synchronously open file (unable to open file: name = '/lustre/groups/ml01/workspace/ot_perturbation/data/satija/datasets/adata_ood_final_pathway_cell_type/BXPC3_IFNG/adata_trainBXPC3_IFNG.h5ad', errno = 2, error message = 'No such file or directory', flags = 0, o_flags = 0)

Set the environment variable HYDRA_FULL_ERROR=1 for a complete stack trace.
