[32m[I 2024-04-18 15:07:39,612][0m A new study created in memory with name: no-name-70ba99d7-dcbf-40ba-bc06-71f2b61704a6[0m
Traceback (most recent call last):
  File "/home/icb/dominik.klein/mambaforge/envs/ot_pert_genot/lib/python3.12/site-packages/hydra/_internal/utils.py", line 220, in run_and_report
    return func()
           ^^^^^^
  File "/home/icb/dominik.klein/mambaforge/envs/ot_pert_genot/lib/python3.12/site-packages/hydra/_internal/utils.py", line 466, in <lambda>
    lambda: hydra.multirun(
            ^^^^^^^^^^^^^^^
  File "/home/icb/dominik.klein/mambaforge/envs/ot_pert_genot/lib/python3.12/site-packages/hydra/_internal/hydra.py", line 162, in multirun
    ret = sweeper.sweep(arguments=task_overrides)
          ^^^^^^^^^^^^^^^^^^^^^^^^^^^^^^^^^^^^^^^
  File "/home/icb/dominik.klein/mambaforge/envs/ot_pert_genot/lib/python3.12/site-packages/hydra_plugins/hydra_optuna_sweeper/optuna_sweeper.py", line 52, in sweep
    return self.sweeper.sweep(arguments)
           ^^^^^^^^^^^^^^^^^^^^^^^^^^^^^
  File "/home/icb/dominik.klein/mambaforge/envs/ot_pert_genot/lib/python3.12/site-packages/hydra_plugins/hydra_optuna_sweeper/_impl.py", line 349, in sweep
    returns = self.launcher.launch(overrides, initial_job_idx=self.job_idx)
              ^^^^^^^^^^^^^^^^^^^^^^^^^^^^^^^^^^^^^^^^^^^^^^^^^^^^^^^^^^^^^
  File "/home/icb/dominik.klein/mambaforge/envs/ot_pert_genot/lib/python3.12/site-packages/hydra_plugins/hydra_submitit_launcher/submitit_launcher.py", line 146, in launch
    return [j.results()[0] for j in jobs]
            ^^^^^^^^^^^
  File "/home/icb/dominik.klein/mambaforge/envs/ot_pert_genot/lib/python3.12/site-packages/submitit/core/core.py", line 284, in results
    self.wait()
  File "/home/icb/dominik.klein/mambaforge/envs/ot_pert_genot/lib/python3.12/site-packages/submitit/core/core.py", line 399, in wait
    while not self.done():
              ^^^^^^^^^^^
  File "/home/icb/dominik.klein/mambaforge/envs/ot_pert_genot/lib/python3.12/site-packages/submitit/core/core.py", line 433, in done
    if self.paths.result_pickle.exists():
       ^^^^^^^^^^^^^^^^^^^^^^^^^^^^^^^^^
  File "/home/icb/dominik.klein/mambaforge/envs/ot_pert_genot/lib/python3.12/pathlib.py", line 860, in exists
    self.stat(follow_symlinks=follow_symlinks)
  File "/home/icb/dominik.klein/mambaforge/envs/ot_pert_genot/lib/python3.12/pathlib.py", line 840, in stat
    return os.stat(self, follow_symlinks=follow_symlinks)
           ^^^^^^^^^^^^^^^^^^^^^^^^^^^^^^^^^^^^^^^^^^^^^^
BrokenPipeError: [Errno 108] Cannot send after transport endpoint shutdown: '/lustre/groups/ml01/workspace/ot_pert_new/output/2024-04-18_15-07-17/.submitit/20087995_0/20087995_0_0_result.pkl'
