[32m[I 2024-04-19 12:22:11,100][0m A new study created in memory with name: no-name-422a45e6-397a-418d-9a82-629084843ec6[0m
Traceback (most recent call last):
  File "/home/icb/dominik.klein/mambaforge/envs/ot_pert_genot/lib/python3.12/site-packages/hydra/_internal/utils.py", line 220, in run_and_report
    return func()
           ^^^^^^
  File "/home/icb/dominik.klein/mambaforge/envs/ot_pert_genot/lib/python3.12/site-packages/hydra/_internal/utils.py", line 466, in <lambda>
    lambda: hydra.multirun(
            ^^^^^^^^^^^^^^^
  File "/home/icb/dominik.klein/mambaforge/envs/ot_pert_genot/lib/python3.12/site-packages/hydra/_internal/hydra.py", line 162, in multirun
    ret = sweeper.sweep(arguments=task_overrides)
          ^^^^^^^^^^^^^^^^^^^^^^^^^^^^^^^^^^^^^^^
  File "/home/icb/dominik.klein/mambaforge/envs/ot_pert_genot/lib/python3.12/site-packages/hydra_plugins/hydra_optuna_sweeper/optuna_sweeper.py", line 52, in sweep
    return self.sweeper.sweep(arguments)
           ^^^^^^^^^^^^^^^^^^^^^^^^^^^^^
  File "/home/icb/dominik.klein/mambaforge/envs/ot_pert_genot/lib/python3.12/site-packages/hydra_plugins/hydra_optuna_sweeper/_impl.py", line 349, in sweep
    returns = self.launcher.launch(overrides, initial_job_idx=self.job_idx)
              ^^^^^^^^^^^^^^^^^^^^^^^^^^^^^^^^^^^^^^^^^^^^^^^^^^^^^^^^^^^^^
  File "/home/icb/dominik.klein/mambaforge/envs/ot_pert_genot/lib/python3.12/site-packages/hydra_plugins/hydra_submitit_launcher/submitit_launcher.py", line 146, in launch
    return [j.results()[0] for j in jobs]
            ^^^^^^^^^^^
  File "/home/icb/dominik.klein/mambaforge/envs/ot_pert_genot/lib/python3.12/site-packages/submitit/core/core.py", line 294, in results
    raise job_exception  # pylint: disable=raising-bad-type
    ^^^^^^^^^^^^^^^^^^^
submitit.core.utils.FailedJobError: Job (task=0) failed during processing with trace:
----------------------
Traceback (most recent call last):
  File "/home/icb/dominik.klein/mambaforge/envs/ot_pert_genot/lib/python3.12/site-packages/submitit/core/submission.py", line 55, in process_job
    result = delayed.result()
             ^^^^^^^^^^^^^^^^
  File "/home/icb/dominik.klein/mambaforge/envs/ot_pert_genot/lib/python3.12/site-packages/submitit/core/utils.py", line 133, in result
    self._result = self.function(*self.args, **self.kwargs)
                   ^^^^^^^^^^^^^^^^^^^^^^^^^^^^^^^^^^^^^^^^
  File "/home/icb/dominik.klein/mambaforge/envs/ot_pert_genot/lib/python3.12/site-packages/hydra_plugins/hydra_submitit_launcher/submitit_launcher.py", line 62, in __call__
    sweep_config = self.hydra_context.config_loader.load_sweep_config(
                   ^^^^^^^^^^^^^^^^^^^^^^^^^^^^^^^^^^^^^^^^^^^^^^^^^^^
  File "/home/icb/dominik.klein/mambaforge/envs/ot_pert_genot/lib/python3.12/site-packages/hydra/_internal/config_loader_impl.py", line 319, in load_sweep_config
    sweep_config = self.load_configuration(
                   ^^^^^^^^^^^^^^^^^^^^^^^^
  File "/home/icb/dominik.klein/mambaforge/envs/ot_pert_genot/lib/python3.12/site-packages/hydra/_internal/config_loader_impl.py", line 142, in load_configuration
    return self._load_configuration_impl(
           ^^^^^^^^^^^^^^^^^^^^^^^^^^^^^^
  File "/home/icb/dominik.klein/mambaforge/envs/ot_pert_genot/lib/python3.12/site-packages/hydra/_internal/config_loader_impl.py", line 243, in _load_configuration_impl
    self.ensure_main_config_source_available()
  File "/home/icb/dominik.klein/mambaforge/envs/ot_pert_genot/lib/python3.12/site-packages/hydra/_internal/config_loader_impl.py", line 129, in ensure_main_config_source_available
    self._missing_config_error(
  File "/home/icb/dominik.klein/mambaforge/envs/ot_pert_genot/lib/python3.12/site-packages/hydra/_internal/config_loader_impl.py", line 102, in _missing_config_error
    raise MissingConfigException(
hydra.errors.MissingConfigException: Primary config directory not found.
Check that the config directory '/ictstr01/home/icb/dominik.klein/git_repos/ot_pert_new/runs_otfm/conf' exists and readable

----------------------
You can check full logs with 'job.stderr(0)' and 'job.stdout(0)'or at paths:
  - /lustre/groups/ml01/workspace/ot_pert_new/output/2024-04-19_12-22-10/.submitit/20092275_0/20092275_0_0_log.err
  - /lustre/groups/ml01/workspace/ot_pert_new/output/2024-04-19_12-22-10/.submitit/20092275_0/20092275_0_0_log.out
