Loading dataset from /lustre/groups/ml01/workspace/ot_perturbation/data/satija/datasets/ood_cell_type/satija_merged/IFNG_Perturb_seq_ms_0.5.h5ad
Loading dataset from /lustre/groups/ml01/workspace/ot_perturbation/data/satija/datasets/ood_cell_type/satija_merged/IFNB_Perturb_seq_ms_0.5.h5ad
Loading dataset from /lustre/groups/ml01/workspace/ot_perturbation/data/satija/datasets/ood_cell_type/satija_merged/TNFA_Perturb_seq_ms_0.5.h5ad
Loading dataset from /lustre/groups/ml01/workspace/ot_perturbation/data/satija/datasets/ood_cell_type/satija_merged/TGFB_Perturb_seq_ms_0.5.h5ad
Loading dataset from /lustre/groups/ml01/workspace/ot_perturbation/data/satija/datasets/ood_cell_type/satija_merged/INS_Perturb_seq_ms_0.5.h5ad
Datasets concatenated
Unnecessary columns dropped
Filtered adata for perturbation count: 618023 observations remaining
Highly variable genes selected
DE genes calculated
Dataset split: (581045, 8265) train, (36978, 8265) ood
control
0    36978
1    15000
Name: count, dtype: int64
Run centred PCA
Shape train (453425, 8265)
Shape test (67600, 8265)
Shape ood (37478, 8265)
Saved data
